2025-05-04 20:04:45,230 - FL-Aggregator - INFO - Aggregator initialized with input size 8
2025-05-04 20:04:45,230 - FL-Aggregator - INFO - Using feature-based input
2025-05-04 20:04:45,419 - FL-Aggregator - INFO - Feature-based global model built successfully
2025-05-04 20:04:45,438 - FL-Aggregator - INFO - Lightweight model built successfully
2025-05-04 20:04:45,438 - FL-Aggregator - INFO - Global model initialized with input size 8
2025-05-04 20:04:45,438 - FL-Server - INFO - Server initialized with max_rounds=20
2025-05-04 20:04:45,438 - FL-Server - INFO - Using feature-based input with size 8
2025-05-04 20:04:45,438 - FL-Server - INFO - Starting server in standalone mode for resource-constrained IoV environments
2025-05-04 20:04:45,438 - FL-Server - INFO - A model has been initialized. To distribute it to clients, they need to connect to this server.
2025-05-04 20:04:45,438 - FL-Server - INFO - Server is running and waiting for clients. Initial model is ready in models
2025-05-04 20:04:45,516 - absl - INFO - Function `function` contains input name(s) resource with unsupported characters which will be renamed to sequential_1_dense_2_1_biasadd_readvariableop_resource in the SavedModel.
2025-05-04 20:04:45,549 - absl - INFO - Function `function` contains input name(s) resource with unsupported characters which will be renamed to sequential_1_dense_2_1_biasadd_readvariableop_resource in the SavedModel.
2025-05-04 20:04:45,870 - tensorflow - INFO - Assets written to: /tmp/tmpf5bvt_66/assets
2025-05-04 20:04:46,518 - FL-Server - INFO - Model saved to models/initial_model.tflite
2025-05-04 20:04:46,708 - tensorflow - INFO - Assets written to: /tmp/tmpe0kpv23l/assets
2025-05-04 20:04:47,270 - FL-Server - INFO - Lightweight model saved to models/lightweight_initial_model.tflite
2025-05-04 20:04:47,271 - FL-Server - INFO - Server is ready. Run client instances to connect to this server.
2025-05-04 20:04:47,271 - FL-Server - INFO - Press Ctrl+C to stop the server.
2025-05-15 22:52:26,874 - FL-Aggregator - INFO - Aggregator initialized with input size 8
2025-05-15 22:52:26,875 - FL-Aggregator - INFO - Using feature-based input
2025-05-15 22:52:27,146 - FL-Aggregator - INFO - Feature-based global model built successfully
2025-05-15 22:52:27,167 - FL-Aggregator - INFO - Lightweight model built successfully
2025-05-15 22:52:27,168 - FL-Aggregator - INFO - Global model initialized with input size 8
2025-05-15 22:52:27,168 - FL-Server - INFO - Server initialized with max_rounds=20
2025-05-15 22:52:27,168 - FL-Server - INFO - Using feature-based input with size 8
2025-05-15 22:52:27,168 - FL-Server - INFO - Starting server in standalone mode for resource-constrained IoV environments
2025-05-15 22:52:27,168 - FL-Server - INFO - A model has been initialized. To distribute it to clients, they need to connect to this server.
2025-05-15 22:52:27,168 - FL-Server - INFO - Server is running and waiting for clients. Initial model is ready in models
2025-05-15 22:52:27,252 - absl - INFO - Function `function` contains input name(s) resource with unsupported characters which will be renamed to sequential_1_dense_2_1_biasadd_readvariableop_resource in the SavedModel.
2025-05-15 22:52:27,287 - absl - INFO - Function `function` contains input name(s) resource with unsupported characters which will be renamed to sequential_1_dense_2_1_biasadd_readvariableop_resource in the SavedModel.
2025-05-15 22:52:27,673 - tensorflow - INFO - Assets written to: /tmp/tmpipm1hu61/assets
2025-05-15 22:52:28,493 - FL-Server - INFO - Model saved to models/initial_model.tflite
2025-05-15 22:52:28,932 - tensorflow - INFO - Assets written to: /tmp/tmp9a6tvosi/assets
2025-05-15 22:52:29,230 - FL-Server - INFO - Lightweight model saved to models/lightweight_initial_model.tflite
2025-05-15 22:52:29,230 - FL-Server - INFO - Server is ready. Run client instances to connect to this server.
2025-05-15 22:52:29,230 - FL-Server - INFO - Press Ctrl+C to stop the server.
2025-05-19 21:11:53,848 - FL-Aggregator - INFO - Aggregator initialized with input size 8
2025-05-19 21:11:53,849 - FL-Aggregator - INFO - Using feature-based input
2025-05-19 21:11:54,109 - FL-Aggregator - INFO - Feature-based global model built successfully
2025-05-19 21:11:54,131 - FL-Aggregator - INFO - Lightweight model built successfully
2025-05-19 21:11:54,131 - FL-Aggregator - INFO - Global model initialized with input size 8
2025-05-19 21:11:54,131 - FL-Server - INFO - Server initialized with max_rounds=20
2025-05-19 21:11:54,131 - FL-Server - INFO - Using feature-based input with size 8
2025-05-19 21:11:54,131 - FL-Server - INFO - Starting server in standalone mode for resource-constrained IoV environments
2025-05-19 21:11:54,131 - FL-Server - INFO - A model has been initialized. To distribute it to clients, they need to connect to this server.
2025-05-19 21:11:54,131 - FL-Server - INFO - Server is running and waiting for clients. Initial model is ready in models
2025-05-19 21:11:54,207 - absl - INFO - Function `function` contains input name(s) resource with unsupported characters which will be renamed to sequential_1_dense_2_1_biasadd_readvariableop_resource in the SavedModel.
2025-05-19 21:11:54,246 - absl - INFO - Function `function` contains input name(s) resource with unsupported characters which will be renamed to sequential_1_dense_2_1_biasadd_readvariableop_resource in the SavedModel.
2025-05-19 21:11:54,599 - tensorflow - INFO - Assets written to: /tmp/tmp0df9poyo/assets
2025-05-19 21:11:55,363 - FL-Server - INFO - Model saved to models/initial_model.tflite
2025-05-19 21:11:55,546 - tensorflow - INFO - Assets written to: /tmp/tmp_fz0g77w/assets
2025-05-19 21:11:56,105 - FL-Server - INFO - Lightweight model saved to models/lightweight_initial_model.tflite
2025-05-19 21:11:56,106 - FL-Server - INFO - Server is ready. Run client instances to connect to this server.
2025-05-19 21:11:56,106 - FL-Server - INFO - Press Ctrl+C to stop the server.
2025-05-23 23:38:28,982 - FL-Server - INFO - Server stopped by user.
2025-05-23 23:38:42,174 - FL-Aggregator - INFO - Aggregator initialized with input size 8
2025-05-23 23:38:42,174 - FL-Aggregator - INFO - Using feature-based input
2025-05-23 23:38:42,374 - FL-Aggregator - INFO - Feature-based global model built successfully
2025-05-23 23:38:42,400 - FL-Aggregator - INFO - Lightweight model built successfully
2025-05-23 23:38:42,400 - FL-Aggregator - INFO - Global model initialized with input size 8
2025-05-23 23:38:42,400 - FL-Server - INFO - Server initialized with max_rounds=20
2025-05-23 23:38:42,400 - FL-Server - INFO - Using feature-based input with size 8
2025-05-23 23:38:42,400 - FL-Server - INFO - Starting server in standalone mode for resource-constrained IoV environments
2025-05-23 23:38:42,400 - FL-Server - INFO - A model has been initialized. To distribute it to clients, they need to connect to this server.
2025-05-23 23:38:42,400 - FL-Server - INFO - Server is running and waiting for clients. Initial model is ready in models
2025-05-23 23:38:42,478 - absl - INFO - Function `function` contains input name(s) resource with unsupported characters which will be renamed to sequential_1_dense_2_1_biasadd_readvariableop_resource in the SavedModel.
2025-05-23 23:38:42,514 - absl - INFO - Function `function` contains input name(s) resource with unsupported characters which will be renamed to sequential_1_dense_2_1_biasadd_readvariableop_resource in the SavedModel.
2025-05-23 23:38:42,819 - tensorflow - INFO - Assets written to: /tmp/tmpguodhhji/assets
2025-05-23 23:38:43,378 - FL-Server - INFO - Model saved to models/initial_model.tflite
2025-05-23 23:38:43,854 - tensorflow - INFO - Assets written to: /tmp/tmpwim09ok4/assets
2025-05-23 23:38:44,179 - FL-Server - INFO - Lightweight model saved to models/lightweight_initial_model.tflite
2025-05-23 23:38:44,179 - FL-Server - INFO - Server is ready. Run client instances to connect to this server.
2025-05-23 23:38:44,179 - FL-Server - INFO - Press Ctrl+C to stop the server.
